d:\work\dropbox\gitprojects\bluegengineproject\blueengine\intermediate\x64\bluecore\vc140.pdb
d:\work\dropbox\gitprojects\bluegengineproject\blueengine\intermediate\x64\bluecore\vc140.idb
d:\work\dropbox\gitprojects\bluegengineproject\blueengine\intermediate\x64\bluecore\shader.obj
d:\work\dropbox\gitprojects\bluegengineproject\blueengine\intermediate\x64\bluecore\texture2d.obj
d:\work\dropbox\gitprojects\bluegengineproject\blueengine\intermediate\x64\bluecore\input.obj
d:\work\dropbox\gitprojects\bluegengineproject\blueengine\intermediate\x64\bluecore\debugmanager.obj
d:\work\dropbox\gitprojects\bluegengineproject\blueengine\intermediate\x64\bluecore\fixedmemorymanager.obj
d:\work\dropbox\gitprojects\bluegengineproject\blueengine\intermediate\x64\bluecore\deferedrenderer.obj
d:\work\dropbox\gitprojects\bluegengineproject\blueengine\intermediate\x64\bluecore\forwardrenderer.obj
d:\work\dropbox\gitprojects\bluegengineproject\blueengine\intermediate\x64\bluecore\archiveobject.obj
d:\work\dropbox\gitprojects\bluegengineproject\blueengine\intermediate\x64\bluecore\iserializable.obj
d:\work\dropbox\gitprojects\bluegengineproject\blueengine\intermediate\x64\bluecore\stencil.obj
d:\work\dropbox\gitprojects\bluegengineproject\blueengine\intermediate\x64\bluecore\stencilmanager.obj
d:\work\dropbox\gitprojects\bluegengineproject\blueengine\intermediate\x64\bluecore\octtree.obj
d:\work\dropbox\gitprojects\bluegengineproject\blueengine\intermediate\x64\bluecore\asyncloadingmanager.obj
d:\work\dropbox\gitprojects\bluegengineproject\blueengine\intermediate\x64\bluecore\console.obj
d:\work\dropbox\gitprojects\bluegengineproject\blueengine\intermediate\x64\bluecore\stencilcreator.obj
d:\work\dropbox\gitprojects\bluegengineproject\blueengine\intermediate\x64\bluecore\tasksystem.obj
d:\work\dropbox\gitprojects\bluegengineproject\blueengine\intermediate\x64\bluecore\imgui.obj
d:\work\dropbox\gitprojects\bluegengineproject\blueengine\intermediate\x64\bluecore\imgui_demo.obj
d:\work\dropbox\gitprojects\bluegengineproject\blueengine\intermediate\x64\bluecore\imgui_draw.obj
d:\work\dropbox\gitprojects\bluegengineproject\blueengine\intermediate\x64\bluecore\imgui_impl_glfw_gl3.obj
d:\work\dropbox\gitprojects\bluegengineproject\blueengine\intermediate\x64\bluecore\bluecore.tlog\cl.command.1.tlog
d:\work\dropbox\gitprojects\bluegengineproject\blueengine\intermediate\x64\bluecore\bluecore.tlog\cl.read.1.tlog
d:\work\dropbox\gitprojects\bluegengineproject\blueengine\intermediate\x64\bluecore\bluecore.tlog\cl.write.1.tlog
