d:\work\dropbox\gitprojects\bluegengineproject\blueengine\extern\lib\x64\bluecored.lib
d:\work\dropbox\gitprojects\bluegengineproject\blueengine\extern\lib\x64\bluecored.exp
d:\work\dropbox\gitprojects\bluegengineproject\blueengine\intermediate\x64\bluecore\vc140.pdb
d:\work\dropbox\gitprojects\bluegengineproject\blueengine\intermediate\x64\bluecore\vc140.idb
d:\work\dropbox\gitprojects\bluegengineproject\blueengine\intermediate\x64\bluecore\firstpersoncomponent.obj
d:\work\dropbox\gitprojects\bluegengineproject\blueengine\intermediate\x64\bluecore\application.obj
d:\work\dropbox\gitprojects\bluegengineproject\blueengine\intermediate\x64\bluecore\applicationwindow.obj
d:\work\dropbox\gitprojects\bluegengineproject\blueengine\intermediate\x64\bluecore\log.obj
d:\work\dropbox\gitprojects\bluegengineproject\blueengine\intermediate\x64\bluecore\world.obj
d:\work\dropbox\gitprojects\bluegengineproject\blueengine\intermediate\x64\bluecore\console.obj
d:\work\dropbox\gitprojects\bluegengineproject\blueengine\intermediate\x64\bluecore\openglgraphicsdevice.obj
d:\work\dropbox\gitprojects\bluegengineproject\blueengine\intermediate\x64\bluecore\igraphicsdevice.obj
d:\work\dropbox\gitprojects\bluegengineproject\blueengine\intermediate\x64\bluecore\graphicsdevicefactory.obj
d:\work\dropbox\gitprojects\bluegengineproject\blueengine\intermediate\x64\bluecore\updateablemanager.obj
d:\work\dropbox\gitprojects\bluegengineproject\blueengine\intermediate\x64\bluecore\meshloader.obj
d:\work\dropbox\gitprojects\bluegengineproject\blueengine\intermediate\x64\bluecore\igamemode.obj
d:\work\dropbox\gitprojects\bluegengineproject\blueengine\intermediate\x64\bluecore\gizmorenderer.obj
d:\work\dropbox\gitprojects\bluegengineproject\blueengine\intermediate\x64\bluecore\game.obj
d:\work\dropbox\gitprojects\bluegengineproject\blueengine\intermediate\x64\bluecore\transformcomponent.obj
d:\work\dropbox\gitprojects\bluegengineproject\blueengine\intermediate\x64\bluecore\materialcomponent.obj
d:\work\dropbox\gitprojects\bluegengineproject\blueengine\intermediate\x64\bluecore\dynamicmeshcomponent.obj
d:\work\dropbox\gitprojects\bluegengineproject\blueengine\intermediate\x64\bluecore\componentfactory.obj
d:\work\dropbox\gitprojects\bluegengineproject\blueengine\intermediate\x64\bluecore\cameracomponent.obj
d:\work\dropbox\gitprojects\bluegengineproject\blueengine\intermediate\x64\bluecore\actorcomponent.obj
d:\work\dropbox\gitprojects\bluegengineproject\blueengine\intermediate\x64\bluecore\actor.obj
d:\work\dropbox\gitprojects\bluegengineproject\blueengine\intermediate\x64\bluecore\asyncloadingmanager.obj
d:\work\dropbox\gitprojects\bluegengineproject\blueengine\intermediate\x64\bluecore\octtree.obj
d:\work\dropbox\gitprojects\bluegengineproject\blueengine\intermediate\x64\bluecore\stencilmanager.obj
d:\work\dropbox\gitprojects\bluegengineproject\blueengine\intermediate\x64\bluecore\stencil.obj
d:\work\dropbox\gitprojects\bluegengineproject\blueengine\intermediate\x64\bluecore\iserializable.obj
d:\work\dropbox\gitprojects\bluegengineproject\blueengine\intermediate\x64\bluecore\archiveobject.obj
d:\work\dropbox\gitprojects\bluegengineproject\blueengine\intermediate\x64\bluecore\forwardrenderer.obj
d:\work\dropbox\gitprojects\bluegengineproject\blueengine\intermediate\x64\bluecore\deferedrenderer.obj
d:\work\dropbox\gitprojects\bluegengineproject\blueengine\intermediate\x64\bluecore\fixedmemorymanager.obj
d:\work\dropbox\gitprojects\bluegengineproject\blueengine\intermediate\x64\bluecore\debugmanager.obj
d:\work\dropbox\gitprojects\bluegengineproject\blueengine\intermediate\x64\bluecore\input.obj
d:\work\dropbox\gitprojects\bluegengineproject\blueengine\intermediate\x64\bluecore\texture2d.obj
d:\work\dropbox\gitprojects\bluegengineproject\blueengine\intermediate\x64\bluecore\shader.obj
d:\work\dropbox\gitprojects\bluegengineproject\blueengine\intermediate\x64\bluecore\meshmanager.obj
d:\work\dropbox\gitprojects\bluegengineproject\blueengine\intermediate\x64\bluecore\mesh.obj
d:\work\dropbox\gitprojects\bluegengineproject\blueengine\intermediate\x64\bluecore\materialmanager.obj
d:\work\dropbox\gitprojects\bluegengineproject\blueengine\intermediate\x64\bluecore\material.obj
d:\work\dropbox\gitprojects\bluegengineproject\blueengine\intermediate\x64\bluecore\light.obj
d:\work\dropbox\gitprojects\bluegengineproject\blueengine\intermediate\x64\bluecore\uniformbuffer.obj
d:\work\dropbox\gitprojects\bluegengineproject\blueengine\intermediate\x64\bluecore\imgui_impl_glfw_gl3.obj
d:\work\dropbox\gitprojects\bluegengineproject\blueengine\intermediate\x64\bluecore\imgui_draw.obj
d:\work\dropbox\gitprojects\bluegengineproject\blueengine\intermediate\x64\bluecore\imgui_demo.obj
d:\work\dropbox\gitprojects\bluegengineproject\blueengine\intermediate\x64\bluecore\imgui.obj
d:\work\dropbox\gitprojects\bluegengineproject\blueengine\intermediate\x64\bluecore\tasksystem.obj
d:\work\dropbox\gitprojects\bluegengineproject\blueengine\intermediate\x64\bluecore\stencilcreator.obj
d:\work\dropbox\gitprojects\bluegengineproject\blueengine\\bin\x64\release\bluecore.dll
d:\work\dropbox\gitprojects\bluegengineproject\blueengine\intermediate\x64\bluecore\bluecore.tlog\bluecore.write.1u.tlog
d:\work\dropbox\gitprojects\bluegengineproject\blueengine\intermediate\x64\bluecore\bluecore.tlog\cl.command.1.tlog
d:\work\dropbox\gitprojects\bluegengineproject\blueengine\intermediate\x64\bluecore\bluecore.tlog\cl.read.1.tlog
d:\work\dropbox\gitprojects\bluegengineproject\blueengine\intermediate\x64\bluecore\bluecore.tlog\cl.write.1.tlog
d:\work\dropbox\gitprojects\bluegengineproject\blueengine\intermediate\x64\bluecore\bluecore.tlog\link.command.1.tlog
d:\work\dropbox\gitprojects\bluegengineproject\blueengine\intermediate\x64\bluecore\bluecore.tlog\link.read.1.tlog
d:\work\dropbox\gitprojects\bluegengineproject\blueengine\intermediate\x64\bluecore\bluecore.tlog\link.write.1.tlog
