d:\work\dropbox\gitprojects\bluegengineproject\blueengine\extern\lib\x86\blucore.lib
d:\work\dropbox\gitprojects\bluegengineproject\blueengine\extern\lib\x86\blucore.exp
d:\work\dropbox\gitprojects\bluegengineproject\blueengine\extern\lib\x86\bluecore.lib
d:\work\dropbox\gitprojects\bluegengineproject\blueengine\extern\lib\x86\bluecore.exp
d:\work\dropbox\gitprojects\bluegengineproject\blueengine\intermediate\win32\bluecore\vc140.pdb
d:\work\dropbox\gitprojects\bluegengineproject\blueengine\intermediate\win32\bluecore\openglgraphicsdevice.obj
d:\work\dropbox\gitprojects\bluegengineproject\blueengine\intermediate\win32\bluecore\igraphicsdevice.obj
d:\work\dropbox\gitprojects\bluegengineproject\blueengine\intermediate\win32\bluecore\graphicsdevicefactory.obj
d:\work\dropbox\gitprojects\bluegengineproject\blueengine\intermediate\win32\bluecore\world.obj
d:\work\dropbox\gitprojects\bluegengineproject\blueengine\intermediate\win32\bluecore\updateablemanager.obj
d:\work\dropbox\gitprojects\bluegengineproject\blueengine\intermediate\win32\bluecore\meshloader.obj
d:\work\dropbox\gitprojects\bluegengineproject\blueengine\intermediate\win32\bluecore\log.obj
d:\work\dropbox\gitprojects\bluegengineproject\blueengine\intermediate\win32\bluecore\igamemode.obj
d:\work\dropbox\gitprojects\bluegengineproject\blueengine\intermediate\win32\bluecore\gizmorenderer.obj
d:\work\dropbox\gitprojects\bluegengineproject\blueengine\intermediate\win32\bluecore\game.obj
d:\work\dropbox\gitprojects\bluegengineproject\blueengine\intermediate\win32\bluecore\applicationwindow.obj
d:\work\dropbox\gitprojects\bluegengineproject\blueengine\intermediate\win32\bluecore\application.obj
d:\work\dropbox\gitprojects\bluegengineproject\blueengine\intermediate\win32\bluecore\transformcomponent.obj
d:\work\dropbox\gitprojects\bluegengineproject\blueengine\intermediate\win32\bluecore\materialcomponent.obj
d:\work\dropbox\gitprojects\bluegengineproject\blueengine\intermediate\win32\bluecore\firstpersoncomponent.obj
d:\work\dropbox\gitprojects\bluegengineproject\blueengine\intermediate\win32\bluecore\dynamicmeshcomponent.obj
d:\work\dropbox\gitprojects\bluegengineproject\blueengine\intermediate\win32\bluecore\componentfactory.obj
d:\work\dropbox\gitprojects\bluegengineproject\blueengine\intermediate\win32\bluecore\cameracomponent.obj
d:\work\dropbox\gitprojects\bluegengineproject\blueengine\intermediate\win32\bluecore\actorcomponent.obj
d:\work\dropbox\gitprojects\bluegengineproject\blueengine\intermediate\win32\bluecore\actor.obj
d:\work\dropbox\gitprojects\bluegengineproject\blueengine\intermediate\win32\bluecore\console.obj
d:\work\dropbox\gitprojects\bluegengineproject\blueengine\intermediate\win32\bluecore\asyncloadingmanager.obj
d:\work\dropbox\gitprojects\bluegengineproject\blueengine\intermediate\win32\bluecore\octtree.obj
d:\work\dropbox\gitprojects\bluegengineproject\blueengine\intermediate\win32\bluecore\stencilmanager.obj
d:\work\dropbox\gitprojects\bluegengineproject\blueengine\intermediate\win32\bluecore\stencil.obj
d:\work\dropbox\gitprojects\bluegengineproject\blueengine\intermediate\win32\bluecore\iserializable.obj
d:\work\dropbox\gitprojects\bluegengineproject\blueengine\intermediate\win32\bluecore\archiveobject.obj
d:\work\dropbox\gitprojects\bluegengineproject\blueengine\intermediate\win32\bluecore\forwardrenderer.obj
d:\work\dropbox\gitprojects\bluegengineproject\blueengine\intermediate\win32\bluecore\deferedrenderer.obj
d:\work\dropbox\gitprojects\bluegengineproject\blueengine\intermediate\win32\bluecore\fixedmemorymanager.obj
d:\work\dropbox\gitprojects\bluegengineproject\blueengine\intermediate\win32\bluecore\debugmanager.obj
d:\work\dropbox\gitprojects\bluegengineproject\blueengine\intermediate\win32\bluecore\input.obj
d:\work\dropbox\gitprojects\bluegengineproject\blueengine\intermediate\win32\bluecore\texture2d.obj
d:\work\dropbox\gitprojects\bluegengineproject\blueengine\intermediate\win32\bluecore\shader.obj
d:\work\dropbox\gitprojects\bluegengineproject\blueengine\intermediate\win32\bluecore\meshmanager.obj
d:\work\dropbox\gitprojects\bluegengineproject\blueengine\intermediate\win32\bluecore\mesh.obj
d:\work\dropbox\gitprojects\bluegengineproject\blueengine\intermediate\win32\bluecore\materialmanager.obj
d:\work\dropbox\gitprojects\bluegengineproject\blueengine\intermediate\win32\bluecore\material.obj
d:\work\dropbox\gitprojects\bluegengineproject\blueengine\intermediate\win32\bluecore\light.obj
d:\work\dropbox\gitprojects\bluegengineproject\blueengine\intermediate\win32\bluecore\uniformbuffer.obj
d:\work\dropbox\gitprojects\bluegengineproject\blueengine\intermediate\win32\bluecore\imgui_impl_glfw_gl3.obj
d:\work\dropbox\gitprojects\bluegengineproject\blueengine\intermediate\win32\bluecore\imgui_draw.obj
d:\work\dropbox\gitprojects\bluegengineproject\blueengine\intermediate\win32\bluecore\imgui_demo.obj
d:\work\dropbox\gitprojects\bluegengineproject\blueengine\intermediate\win32\bluecore\imgui.obj
d:\work\dropbox\gitprojects\bluegengineproject\blueengine\intermediate\win32\bluecore\tasksystem.obj
d:\work\dropbox\gitprojects\bluegengineproject\blueengine\intermediate\win32\bluecore\stencilcreator.obj
d:\work\dropbox\gitprojects\bluegengineproject\blueengine\bin\win32\release\bluecore.dll
d:\work\dropbox\gitprojects\bluegengineproject\blueengine\bin\win32\release\bluecore.pdb
d:\work\dropbox\gitprojects\bluegengineproject\blueengine\\bin\win32\release\bluecore.pdb
d:\work\dropbox\gitprojects\bluegengineproject\blueengine\\bin\win32\release\bluecore.dll
d:\work\dropbox\gitprojects\bluegengineproject\blueengine\intermediate\win32\bluecore\bluecore.tlog\bluecore.write.1u.tlog
d:\work\dropbox\gitprojects\bluegengineproject\blueengine\intermediate\win32\bluecore\bluecore.tlog\cl.command.1.tlog
d:\work\dropbox\gitprojects\bluegengineproject\blueengine\intermediate\win32\bluecore\bluecore.tlog\cl.read.1.tlog
d:\work\dropbox\gitprojects\bluegengineproject\blueengine\intermediate\win32\bluecore\bluecore.tlog\cl.write.1.tlog
d:\work\dropbox\gitprojects\bluegengineproject\blueengine\intermediate\win32\bluecore\bluecore.tlog\link.command.1.tlog
d:\work\dropbox\gitprojects\bluegengineproject\blueengine\intermediate\win32\bluecore\bluecore.tlog\link.read.1.tlog
d:\work\dropbox\gitprojects\bluegengineproject\blueengine\intermediate\win32\bluecore\bluecore.tlog\link.write.1.tlog
